2024-06-15 19:22:28,922 - ERROR - Error checking database jpetstore_db: connection to server at "localhost" (::1), port 5432 failed: Connection refused (0x0000274D/10061)
	Is the server running on that host and accepting TCP/IP connections?
connection to server at "localhost" (127.0.0.1), port 5432 failed: Connection refused (0x0000274D/10061)
	Is the server running on that host and accepting TCP/IP connections?

2024-06-15 19:34:38,127 - ERROR - Error checking database jpetstore_db: connection to server at "localhost" (::1), port 5432 failed: Connection refused (0x0000274D/10061)
	Is the server running on that host and accepting TCP/IP connections?
connection to server at "localhost" (127.0.0.1), port 5432 failed: Connection refused (0x0000274D/10061)
	Is the server running on that host and accepting TCP/IP connections?

2024-06-15 20:06:49,230 - ERROR - Error checking database jpetstore_db: connection to server at "localhost" (::1), port 5432 failed: FATAL:  password authentication failed for user "user1"

2024-06-15 20:06:54,294 - ERROR - Error checking database jpetstore_db: connection to server at "localhost" (::1), port 5432 failed: FATAL:  password authentication failed for user "user1"

2024-06-15 20:19:53,789 - ERROR - Error checking database jpetstore_db: connection to server at "localhost" (::1), port 5432 failed: FATAL:  password authentication failed for user "user1"

2024-06-15 21:23:33,601 - ERROR - Error checking service http://localhost:8080: HTTPConnectionPool(host='localhost', port=8080): Max retries exceeded with url: / (Caused by NewConnectionError('<urllib3.connection.HTTPConnection object at 0x000001CB96280F10>: Failed to establish a new connection: [WinError 10061] 嚙盤嚙糊嚙編嚙線嚙璀嚙稽嚙踝蕭嚙諍標電嚙踝蕭嚙誹蛛蕭嚙編嚙線嚙瘠'))
2024-06-15 21:23:33,649 - ERROR - Error checking database jpetstore_db: connection to server at "localhost" (::1), port 5432 failed: FATAL:  password authentication failed for user "user1"

2024-06-15 22:15:13,585 - ERROR - Error checking service http://localhost:8080: HTTPConnectionPool(host='localhost', port=8080): Max retries exceeded with url: / (Caused by NewConnectionError('<urllib3.connection.HTTPConnection object at 0x0000019BD1C40690>: Failed to establish a new connection: [WinError 10061] 嚙盤嚙糊嚙編嚙線嚙璀嚙稽嚙踝蕭嚙諍標電嚙踝蕭嚙誹蛛蕭嚙編嚙線嚙瘠'))
2024-06-15 22:15:59,886 - ERROR - Error checking service http://localhost:8080: HTTPConnectionPool(host='localhost', port=8080): Max retries exceeded with url: / (Caused by NewConnectionError('<urllib3.connection.HTTPConnection object at 0x0000026EF998C510>: Failed to establish a new connection: [WinError 10061] 嚙盤嚙糊嚙編嚙線嚙璀嚙稽嚙踝蕭嚙諍標電嚙踝蕭嚙誹蛛蕭嚙編嚙線嚙瘠'))
2024-06-15 22:16:09,000 - ERROR - Error checking service http://localhost:8080: HTTPConnectionPool(host='localhost', port=8080): Max retries exceeded with url: / (Caused by NewConnectionError('<urllib3.connection.HTTPConnection object at 0x0000026EF998FA90>: Failed to establish a new connection: [WinError 10061] 嚙盤嚙糊嚙編嚙線嚙璀嚙稽嚙踝蕭嚙諍標電嚙踝蕭嚙誹蛛蕭嚙編嚙線嚙瘠'))
2024-06-15 22:16:18,110 - ERROR - Error checking service http://localhost:8080: HTTPConnectionPool(host='localhost', port=8080): Max retries exceeded with url: / (Caused by NewConnectionError('<urllib3.connection.HTTPConnection object at 0x0000026EF9995AD0>: Failed to establish a new connection: [WinError 10061] 嚙盤嚙糊嚙編嚙線嚙璀嚙稽嚙踝蕭嚙諍標電嚙踝蕭嚙誹蛛蕭嚙編嚙線嚙瘠'))
2024-06-15 22:16:23,232 - INFO - Keycloak restarted successfully
2024-06-15 22:21:38,443 - ERROR - Error checking service http://localhost:8080: HTTPConnectionPool(host='localhost', port=8080): Max retries exceeded with url: / (Caused by NewConnectionError('<urllib3.connection.HTTPConnection object at 0x0000012C454A3F50>: Failed to establish a new connection: [WinError 10061] 嚙盤嚙糊嚙編嚙線嚙璀嚙稽嚙踝蕭嚙諍標電嚙踝蕭嚙誹蛛蕭嚙編嚙線嚙瘠'))
2024-06-15 22:21:47,588 - ERROR - Error checking service http://localhost:8080: HTTPConnectionPool(host='localhost', port=8080): Max retries exceeded with url: / (Caused by NewConnectionError('<urllib3.connection.HTTPConnection object at 0x0000012C454AFA10>: Failed to establish a new connection: [WinError 10061] 嚙盤嚙糊嚙編嚙線嚙璀嚙稽嚙踝蕭嚙諍標電嚙踝蕭嚙誹蛛蕭嚙編嚙線嚙瘠'))
2024-06-15 22:21:56,716 - ERROR - Error checking service http://localhost:8080: HTTPConnectionPool(host='localhost', port=8080): Max retries exceeded with url: / (Caused by NewConnectionError('<urllib3.connection.HTTPConnection object at 0x0000012C454B5A50>: Failed to establish a new connection: [WinError 10061] 嚙盤嚙糊嚙編嚙線嚙璀嚙稽嚙踝蕭嚙諍標電嚙踝蕭嚙誹蛛蕭嚙編嚙線嚙瘠'))
2024-06-15 22:22:01,361 - INFO - Keycloak restarted successfully
2024-06-15 22:26:12,499 - ERROR - Error checking service http://localhost:8080: HTTPConnectionPool(host='localhost', port=8080): Max retries exceeded with url: / (Caused by NewConnectionError('<urllib3.connection.HTTPConnection object at 0x00000209DCC9C450>: Failed to establish a new connection: [WinError 10061] 嚙盤嚙糊嚙編嚙線嚙璀嚙稽嚙踝蕭嚙諍標電嚙踝蕭嚙誹蛛蕭嚙編嚙線嚙瘠'))
2024-06-15 22:26:21,639 - ERROR - Error checking service http://localhost:8080: HTTPConnectionPool(host='localhost', port=8080): Max retries exceeded with url: / (Caused by NewConnectionError('<urllib3.connection.HTTPConnection object at 0x00000209DCC9F9D0>: Failed to establish a new connection: [WinError 10061] 嚙盤嚙糊嚙編嚙線嚙璀嚙稽嚙踝蕭嚙諍標電嚙踝蕭嚙誹蛛蕭嚙編嚙線嚙瘠'))
2024-06-15 22:26:30,821 - ERROR - Error checking service http://localhost:8080: HTTPConnectionPool(host='localhost', port=8080): Max retries exceeded with url: / (Caused by NewConnectionError('<urllib3.connection.HTTPConnection object at 0x00000209DCCADA90>: Failed to establish a new connection: [WinError 10061] 嚙盤嚙糊嚙編嚙線嚙璀嚙稽嚙踝蕭嚙諍標電嚙踝蕭嚙誹蛛蕭嚙編嚙線嚙瘠'))
2024-06-15 22:26:35,600 - INFO - Keycloak restarted successfully
2024-06-15 22:26:35,603 - INFO - JPetStore restarted successfully
2024-06-15 22:26:40,613 - ERROR - SSL error checking service https://localhost:8443: HTTPSConnectionPool(host='localhost', port=8443): Max retries exceeded with url: / (Caused by SSLError(SSLEOFError(8, 'EOF occurred in violation of protocol (_ssl.c:992)')))
2024-06-15 22:26:44,689 - ERROR - Error checking service http://localhost:8080: HTTPConnectionPool(host='localhost', port=8080): Max retries exceeded with url: / (Caused by NewConnectionError('<urllib3.connection.HTTPConnection object at 0x00000209DCCAD390>: Failed to establish a new connection: [WinError 10061] 嚙盤嚙糊嚙編嚙線嚙璀嚙稽嚙踝蕭嚙諍標電嚙踝蕭嚙誹蛛蕭嚙編嚙線嚙瘠'))
2024-06-15 22:26:49,708 - ERROR - Error checking service https://localhost:8443: ('Connection aborted.', ConnectionAbortedError(10053, '嚙編嚙線嚙緩嚙瞋嚙緲嚙瘩嚙踝蕭嚙磕嚙踝蕭嚙緯嚙賡中嚙踝蕭C', None, 10053, None))
2024-06-15 22:26:53,823 - ERROR - Error checking service http://localhost:8080: HTTPConnectionPool(host='localhost', port=8080): Max retries exceeded with url: / (Caused by NewConnectionError('<urllib3.connection.HTTPConnection object at 0x00000209DCC9E450>: Failed to establish a new connection: [WinError 10061] 嚙盤嚙糊嚙編嚙線嚙璀嚙稽嚙踝蕭嚙諍標電嚙踝蕭嚙誹蛛蕭嚙編嚙線嚙瘠'))
2024-06-15 23:43:02,554 - ERROR - Error checking service https://localhost:8443: HTTPSConnectionPool(host='localhost', port=8443): Max retries exceeded with url: / (Caused by NewConnectionError('<urllib3.connection.HTTPSConnection object at 0x000002367231D450>: Failed to establish a new connection: [WinError 10061] 嚙盤嚙糊嚙編嚙線嚙璀嚙稽嚙踝蕭嚙諍標電嚙踝蕭嚙誹蛛蕭嚙編嚙線嚙瘠'))
2024-06-15 23:43:11,686 - ERROR - Error checking service https://localhost:8443: HTTPSConnectionPool(host='localhost', port=8443): Max retries exceeded with url: / (Caused by NewConnectionError('<urllib3.connection.HTTPSConnection object at 0x0000023672B00810>: Failed to establish a new connection: [WinError 10061] 嚙盤嚙糊嚙編嚙線嚙璀嚙稽嚙踝蕭嚙諍標電嚙踝蕭嚙誹蛛蕭嚙編嚙線嚙瘠'))
2024-06-15 23:43:20,811 - ERROR - Error checking service https://localhost:8443: HTTPSConnectionPool(host='localhost', port=8443): Max retries exceeded with url: / (Caused by NewConnectionError('<urllib3.connection.HTTPSConnection object at 0x0000023672B02C50>: Failed to establish a new connection: [WinError 10061] 嚙盤嚙糊嚙編嚙線嚙璀嚙稽嚙踝蕭嚙諍標電嚙踝蕭嚙誹蛛蕭嚙編嚙線嚙瘠'))
2024-06-15 23:43:25,336 - INFO - Keycloak restarted successfully
2024-06-15 23:43:25,338 - INFO - JPetStore restarted successfully
2024-06-15 23:43:30,375 - ERROR - SSL error checking service https://localhost:8443: HTTPSConnectionPool(host='localhost', port=8443): Max retries exceeded with url: / (Caused by SSLError(SSLEOFError(8, 'EOF occurred in violation of protocol (_ssl.c:992)')))
2024-06-15 23:43:30,468 - ERROR - Error checking service http://localhost:8080: 404 Client Error:  for url: http://localhost:8080/
2024-06-15 23:43:35,485 - ERROR - SSL error checking service https://localhost:8443: HTTPSConnectionPool(host='localhost', port=8443): Max retries exceeded with url: / (Caused by SSLError(SSLEOFError(8, 'EOF occurred in violation of protocol (_ssl.c:992)')))
2024-06-15 23:43:38,058 - ERROR - Error checking service http://localhost:8080: 401 Client Error:  for url: http://localhost:8080/
2024-06-15 23:43:43,066 - ERROR - SSL error checking service https://localhost:8443: HTTPSConnectionPool(host='localhost', port=8443): Max retries exceeded with url: / (Caused by SSLError(SSLEOFError(8, 'EOF occurred in violation of protocol (_ssl.c:992)')))
2024-06-15 23:43:47,139 - ERROR - Error checking service http://localhost:8080: HTTPConnectionPool(host='localhost', port=8080): Max retries exceeded with url: / (Caused by NewConnectionError('<urllib3.connection.HTTPConnection object at 0x0000023672B0B990>: Failed to establish a new connection: [WinError 10061] 嚙盤嚙糊嚙編嚙線嚙璀嚙稽嚙踝蕭嚙諍標電嚙踝蕭嚙誹蛛蕭嚙編嚙線嚙瘠'))
2024-06-15 23:43:51,653 - INFO - Keycloak restarted successfully
2024-06-15 23:43:51,657 - INFO - JPetStore restarted successfully
2024-06-16 01:54:34,576 - ERROR - Error checking service http://localhost:8080: HTTPConnectionPool(host='localhost', port=8080): Max retries exceeded with url: / (Caused by NewConnectionError('<urllib3.connection.HTTPConnection object at 0x00000201CDD17E50>: Failed to establish a new connection: [WinError 10061] 嚙盤嚙糊嚙編嚙線嚙璀嚙稽嚙踝蕭嚙諍標電嚙踝蕭嚙誹蛛蕭嚙編嚙線嚙瘠'))
2024-06-16 01:58:44,052 - ERROR - Error checking service jpetstore : http://localhost:8080: HTTPConnectionPool(host='localhost', port=8080): Max retries exceeded with url: / (Caused by NewConnectionError('<urllib3.connection.HTTPConnection object at 0x00000203D53552D0>: Failed to establish a new connection: [WinError 10061] 嚙盤嚙糊嚙編嚙線嚙璀嚙稽嚙踝蕭嚙諍標電嚙踝蕭嚙誹蛛蕭嚙編嚙線嚙瘠'))
2024-06-16 15:09:47,976 - ERROR - Error checking service keycloak : https://localhost:8443: HTTPSConnectionPool(host='localhost', port=8443): Max retries exceeded with url: / (Caused by NewConnectionError('<urllib3.connection.HTTPSConnection object at 0x000002A6AE950A50>: Failed to establish a new connection: [WinError 10061] 無法連線，因為目標電腦拒絕連線。'))
2024-06-16 15:17:22,855 - ERROR - Error checking service keycloak : https://localhost:8443: HTTPSConnectionPool(host='localhost', port=8443): Max retries exceeded with url: / (Caused by NewConnectionError('<urllib3.connection.HTTPSConnection object at 0x000001BBD4205B50>: Failed to establish a new connection: [WinError 10061] 無法連線，因為目標電腦拒絕連線。'))
2024-06-16 15:17:26,955 - ERROR - Error checking service jpetstore : http://localhost:8080: HTTPConnectionPool(host='localhost', port=8080): Max retries exceeded with url: / (Caused by NewConnectionError('<urllib3.connection.HTTPConnection object at 0x000001BBD42079D0>: Failed to establish a new connection: [WinError 10061] 無法連線，因為目標電腦拒絕連線。'))
2024-06-16 15:19:01,046 - ERROR - Error checking service keycloak : https://localhost:8443: HTTPSConnectionPool(host='localhost', port=8443): Max retries exceeded with url: / (Caused by NewConnectionError('<urllib3.connection.HTTPSConnection object at 0x000001BBD4215ED0>: Failed to establish a new connection: [WinError 10061] 無法連線，因為目標電腦拒絕連線。'))
2024-06-16 15:19:05,121 - ERROR - Error checking service jpetstore : http://localhost:8080: HTTPConnectionPool(host='localhost', port=8080): Max retries exceeded with url: / (Caused by NewConnectionError('<urllib3.connection.HTTPConnection object at 0x000001BBD4217B90>: Failed to establish a new connection: [WinError 10061] 無法連線，因為目標電腦拒絕連線。'))
2024-06-16 15:22:02,353 - ERROR - Error checking service keycloak : https://localhost:8443: HTTPSConnectionPool(host='localhost', port=8443): Max retries exceeded with url: / (Caused by NewConnectionError('<urllib3.connection.HTTPSConnection object at 0x0000019CA9835B50>: Failed to establish a new connection: [WinError 10061] 無法連線，因為目標電腦拒絕連線。'))
2024-06-16 15:22:06,470 - ERROR - Error checking service jpetstore : http://localhost:8080: HTTPConnectionPool(host='localhost', port=8080): Max retries exceeded with url: / (Caused by NewConnectionError('<urllib3.connection.HTTPConnection object at 0x0000019CA98379D0>: Failed to establish a new connection: [WinError 10061] 無法連線，因為目標電腦拒絕連線。'))
2024-06-16 15:46:21,745 - ERROR - Error checking service keycloak : https://localhost:8443: HTTPSConnectionPool(host='localhost', port=8443): Max retries exceeded with url: / (Caused by NewConnectionError('<urllib3.connection.HTTPSConnection object at 0x000001E823500A50>: Failed to establish a new connection: [WinError 10061] 無法連線，因為目標電腦拒絕連線。'))
2024-06-16 15:49:17,144 - ERROR - Error checking service keycloak : https://localhost:8443: HTTPSConnectionPool(host='localhost', port=8443): Max retries exceeded with url: / (Caused by NewConnectionError('<urllib3.connection.HTTPSConnection object at 0x0000023F8B305B90>: Failed to establish a new connection: [WinError 10061] 無法連線，因為目標電腦拒絕連線。'))
2024-06-16 16:11:43,346 - ERROR - Error checking service keycloak : https://localhost:8443: HTTPSConnectionPool(host='localhost', port=8443): Max retries exceeded with url: / (Caused by NewConnectionError('<urllib3.connection.HTTPSConnection object at 0x0000020FA4500A50>: Failed to establish a new connection: [WinError 10061] 無法連線，因為目標電腦拒絕連線。'))
2024-06-16 16:31:00,330 - ERROR - Error checking service keycloak : https://localhost:8443: HTTPSConnectionPool(host='localhost', port=8443): Max retries exceeded with url: / (Caused by NewConnectionError('<urllib3.connection.HTTPSConnection object at 0x000001FC6BA60A50>: Failed to establish a new connection: [WinError 10061] 無法連線，因為目標電腦拒絕連線。'))
2024-06-16 16:32:34,462 - ERROR - Error checking service keycloak : https://localhost:8443: HTTPSConnectionPool(host='localhost', port=8443): Max retries exceeded with url: / (Caused by NewConnectionError('<urllib3.connection.HTTPSConnection object at 0x000001FC6BAF4810>: Failed to establish a new connection: [WinError 10061] 無法連線，因為目標電腦拒絕連線。'))
2024-06-16 16:34:08,566 - ERROR - Error checking service keycloak : https://localhost:8443: HTTPSConnectionPool(host='localhost', port=8443): Max retries exceeded with url: / (Caused by NewConnectionError('<urllib3.connection.HTTPSConnection object at 0x000001FC6BAF6D10>: Failed to establish a new connection: [WinError 10061] 無法連線，因為目標電腦拒絕連線。'))
2024-06-16 16:35:42,681 - ERROR - Error checking service keycloak : https://localhost:8443: HTTPSConnectionPool(host='localhost', port=8443): Max retries exceeded with url: / (Caused by NewConnectionError('<urllib3.connection.HTTPSConnection object at 0x000001FC6BAF5590>: Failed to establish a new connection: [WinError 10061] 無法連線，因為目標電腦拒絕連線。'))
2024-06-16 16:37:16,800 - ERROR - Error checking service keycloak : https://localhost:8443: HTTPSConnectionPool(host='localhost', port=8443): Max retries exceeded with url: / (Caused by NewConnectionError('<urllib3.connection.HTTPSConnection object at 0x000001FC6BAFE310>: Failed to establish a new connection: [WinError 10061] 無法連線，因為目標電腦拒絕連線。'))
2024-06-16 16:39:43,029 - ERROR - Error checking service keycloak : https://localhost:8443: HTTPSConnectionPool(host='localhost', port=8443): Max retries exceeded with url: / (Caused by NewConnectionError('<urllib3.connection.HTTPSConnection object at 0x0000021AC5EE5B50>: Failed to establish a new connection: [WinError 10061] 無法連線，因為目標電腦拒絕連線。'))
2024-06-16 16:40:47,155 - ERROR - Error checking service keycloak : https://localhost:8443: HTTPSConnectionPool(host='localhost', port=8443): Max retries exceeded with url: / (Caused by NewConnectionError('<urllib3.connection.HTTPSConnection object at 0x0000021AC5EF4890>: Failed to establish a new connection: [WinError 10061] 無法連線，因為目標電腦拒絕連線。'))
2024-06-16 16:41:51,267 - ERROR - Error checking service keycloak : https://localhost:8443: HTTPSConnectionPool(host='localhost', port=8443): Max retries exceeded with url: / (Caused by NewConnectionError('<urllib3.connection.HTTPSConnection object at 0x0000021AC5EF69D0>: Failed to establish a new connection: [WinError 10061] 無法連線，因為目標電腦拒絕連線。'))
2024-06-16 16:43:10,988 - ERROR - Error checking service keycloak : https://localhost:8443: HTTPSConnectionPool(host='localhost', port=8443): Max retries exceeded with url: / (Caused by NewConnectionError('<urllib3.connection.HTTPSConnection object at 0x00000124075C5950>: Failed to establish a new connection: [WinError 10061] 無法連線，因為目標電腦拒絕連線。'))
2024-06-16 16:44:15,092 - ERROR - Error checking service keycloak : https://localhost:8443: HTTPSConnectionPool(host='localhost', port=8443): Max retries exceeded with url: / (Caused by NewConnectionError('<urllib3.connection.HTTPSConnection object at 0x00000124075D4650>: Failed to establish a new connection: [WinError 10061] 無法連線，因為目標電腦拒絕連線。'))
2024-06-16 16:45:19,201 - ERROR - Error checking service keycloak : https://localhost:8443: HTTPSConnectionPool(host='localhost', port=8443): Max retries exceeded with url: / (Caused by NewConnectionError('<urllib3.connection.HTTPSConnection object at 0x00000124075D6A90>: Failed to establish a new connection: [WinError 10061] 無法連線，因為目標電腦拒絕連線。'))
2024-06-16 16:45:23,886 - INFO - Keycloak restarted successfully
2024-06-16 16:45:23,891 - INFO - JPetStore restarted successfully
2024-06-16 16:58:58,239 - ERROR - Error checking service keycloak : https://localhost:8443: HTTPSConnectionPool(host='localhost', port=8443): Max retries exceeded with url: / (Caused by NewConnectionError('<urllib3.connection.HTTPSConnection object at 0x000001D797268850>: Failed to establish a new connection: [WinError 10061] 無法連線，因為目標電腦拒絕連線。'))
2024-06-16 16:59:52,430 - ERROR - Error checking service keycloak : https://localhost:8443: HTTPSConnectionPool(host='localhost', port=8443): Max retries exceeded with url: / (Caused by NewConnectionError('<urllib3.connection.HTTPSConnection object at 0x000001D7979B49D0>: Failed to establish a new connection: [WinError 10061] 無法連線，因為目標電腦拒絕連線。'))
2024-06-16 17:00:46,565 - ERROR - Error checking service keycloak : https://localhost:8443: HTTPSConnectionPool(host='localhost', port=8443): Max retries exceeded with url: / (Caused by NewConnectionError('<urllib3.connection.HTTPSConnection object at 0x000001D7979B6B90>: Failed to establish a new connection: [WinError 10061] 無法連線，因為目標電腦拒絕連線。'))
2024-06-16 17:00:50,609 - INFO - Keycloak restarted successfully
2024-06-16 17:02:45,967 - ERROR - Error checking service keycloak : https://localhost:8443: HTTPSConnectionPool(host='localhost', port=8443): Max retries exceeded with url: / (Caused by NewConnectionError('<urllib3.connection.HTTPSConnection object at 0x0000021806010E90>: Failed to establish a new connection: [WinError 10061] 無法連線，因為目標電腦拒絕連線。'))
2024-06-16 17:03:40,064 - ERROR - Error checking service keycloak : https://localhost:8443: HTTPSConnectionPool(host='localhost', port=8443): Max retries exceeded with url: / (Caused by NewConnectionError('<urllib3.connection.HTTPSConnection object at 0x00000218060A4BD0>: Failed to establish a new connection: [WinError 10061] 無法連線，因為目標電腦拒絕連線。'))
2024-06-16 17:03:43,536 - INFO - Keycloak restarted successfully
2024-06-16 17:21:33,280 - ERROR - Error checking service keycloak : https://localhost:8443: HTTPSConnectionPool(host='localhost', port=8443): Max retries exceeded with url: / (Caused by NewConnectionError('<urllib3.connection.HTTPSConnection object at 0x000002312BE11AD0>: Failed to establish a new connection: [WinError 10061] 無法連線，因為目標電腦拒絕連線。'))
2024-06-16 17:22:27,405 - ERROR - Error checking service keycloak : https://localhost:8443: HTTPSConnectionPool(host='localhost', port=8443): Max retries exceeded with url: / (Caused by NewConnectionError('<urllib3.connection.HTTPSConnection object at 0x000002312BE13390>: Failed to establish a new connection: [WinError 10061] 無法連線，因為目標電腦拒絕連線。'))
2024-06-16 17:22:31,976 - INFO - Keycloak restarted successfully
2024-06-16 17:26:30,158 - ERROR - Error checking service keycloak : https://localhost:8443: HTTPSConnectionPool(host='localhost', port=8443): Max retries exceeded with url: / (Caused by NewConnectionError('<urllib3.connection.HTTPSConnection object at 0x0000014234A21590>: Failed to establish a new connection: [WinError 10061] 無法連線，因為目標電腦拒絕連線。'))
2024-06-16 17:27:04,238 - ERROR - Error checking service keycloak : https://localhost:8443: HTTPSConnectionPool(host='localhost', port=8443): Max retries exceeded with url: / (Caused by NewConnectionError('<urllib3.connection.HTTPSConnection object at 0x0000014234A22750>: Failed to establish a new connection: [WinError 10061] 無法連線，因為目標電腦拒絕連線。'))
2024-06-16 17:27:11,552 - INFO - Keycloak restarted successfully
2024-06-16 17:27:41,562 - ERROR - SSL error checking service https://localhost:8443: HTTPSConnectionPool(host='localhost', port=8443): Max retries exceeded with url: / (Caused by SSLError(SSLEOFError(8, 'EOF occurred in violation of protocol (_ssl.c:992)')))
2024-06-16 17:30:39,097 - ERROR - Error checking service keycloak : https://localhost:8443: HTTPSConnectionPool(host='localhost', port=8443): Max retries exceeded with url: / (Caused by NewConnectionError('<urllib3.connection.HTTPSConnection object at 0x0000027B74D333D0>: Failed to establish a new connection: [WinError 10061] 無法連線，因為目標電腦拒絕連線。'))
2024-06-16 17:30:53,219 - ERROR - Error checking service keycloak : https://localhost:8443: HTTPSConnectionPool(host='localhost', port=8443): Max retries exceeded with url: / (Caused by NewConnectionError('<urllib3.connection.HTTPSConnection object at 0x0000027B74D310D0>: Failed to establish a new connection: [WinError 10061] 無法連線，因為目標電腦拒絕連線。'))
2024-06-16 17:30:58,029 - INFO - Keycloak restarted successfully
2024-06-16 17:31:08,047 - ERROR - SSL error checking service https://localhost:8443: HTTPSConnectionPool(host='localhost', port=8443): Max retries exceeded with url: / (Caused by SSLError(SSLEOFError(8, 'EOF occurred in violation of protocol (_ssl.c:992)')))
2024-06-16 17:31:18,080 - ERROR - SSL error checking service https://localhost:8443: HTTPSConnectionPool(host='localhost', port=8443): Max retries exceeded with url: / (Caused by SSLError(SSLEOFError(8, 'EOF occurred in violation of protocol (_ssl.c:992)')))
2024-06-16 17:31:24,909 - INFO - Keycloak restarted successfully
2024-06-16 17:31:34,915 - ERROR - SSL error checking service https://localhost:8443: HTTPSConnectionPool(host='localhost', port=8443): Max retries exceeded with url: / (Caused by SSLError(SSLEOFError(8, 'EOF occurred in violation of protocol (_ssl.c:992)')))
2024-06-16 17:31:44,930 - ERROR - SSL error checking service https://localhost:8443: HTTPSConnectionPool(host='localhost', port=8443): Max retries exceeded with url: / (Caused by SSLError(SSLEOFError(8, 'EOF occurred in violation of protocol (_ssl.c:992)')))
2024-06-16 17:31:50,705 - INFO - Keycloak restarted successfully
2024-06-16 17:36:03,771 - ERROR - Error checking service keycloak : https://localhost:8443: HTTPSConnectionPool(host='localhost', port=8443): Max retries exceeded with url: / (Caused by NewConnectionError('<urllib3.connection.HTTPSConnection object at 0x00000200BB6FA410>: Failed to establish a new connection: [WinError 10061] 無法連線，因為目標電腦拒絕連線。'))
2024-06-16 17:36:27,870 - ERROR - Error checking service keycloak : https://localhost:8443: HTTPSConnectionPool(host='localhost', port=8443): Max retries exceeded with url: / (Caused by NewConnectionError('<urllib3.connection.HTTPSConnection object at 0x00000200BB6FBB90>: Failed to establish a new connection: [WinError 10061] 無法連線，因為目標電腦拒絕連線。'))
2024-06-16 17:36:32,460 - INFO - Keycloak restarted successfully
2024-06-16 17:36:52,468 - ERROR - SSL error checking service https://localhost:8443: HTTPSConnectionPool(host='localhost', port=8443): Max retries exceeded with url: / (Caused by SSLError(SSLEOFError(8, 'EOF occurred in violation of protocol (_ssl.c:992)')))
2024-06-16 17:43:54,511 - ERROR - Error checking service keycloak : https://localhost:8443: HTTPSConnectionPool(host='localhost', port=8443): Max retries exceeded with url: / (Caused by NewConnectionError('<urllib3.connection.HTTPSConnection object at 0x000001CC461C33D0>: Failed to establish a new connection: [WinError 10061] 無法連線，因為目標電腦拒絕連線。'))
2024-06-16 17:44:18,627 - ERROR - Error checking service keycloak : https://localhost:8443: HTTPSConnectionPool(host='localhost', port=8443): Max retries exceeded with url: / (Caused by NewConnectionError('<urllib3.connection.HTTPSConnection object at 0x000001CC461C10D0>: Failed to establish a new connection: [WinError 10061] 無法連線，因為目標電腦拒絕連線。'))
2024-06-16 17:44:25,698 - INFO - Keycloak restarted successfully
2024-06-16 17:44:45,706 - ERROR - SSL error checking service https://localhost:8443: HTTPSConnectionPool(host='localhost', port=8443): Max retries exceeded with url: / (Caused by SSLError(SSLEOFError(8, 'EOF occurred in violation of protocol (_ssl.c:992)')))
2024-06-16 17:48:27,741 - ERROR - Error checking service keycloak : https://localhost:8443: HTTPSConnectionPool(host='localhost', port=8443): Max retries exceeded with url: / (Caused by NewConnectionError('<urllib3.connection.HTTPSConnection object at 0x00000297FFDE33D0>: Failed to establish a new connection: [WinError 10061] 無法連線，因為目標電腦拒絕連線。'))
2024-06-16 17:48:46,877 - ERROR - Error checking service keycloak : https://localhost:8443: HTTPSConnectionPool(host='localhost', port=8443): Max retries exceeded with url: / (Caused by NewConnectionError('<urllib3.connection.HTTPSConnection object at 0x00000297FFDE0BD0>: Failed to establish a new connection: [WinError 10061] 無法連線，因為目標電腦拒絕連線。'))
2024-06-16 17:48:50,933 - INFO - Keycloak restarted successfully
2024-06-16 17:49:05,942 - ERROR - SSL error checking service https://localhost:8443: HTTPSConnectionPool(host='localhost', port=8443): Max retries exceeded with url: / (Caused by SSLError(SSLEOFError(8, 'EOF occurred in violation of protocol (_ssl.c:992)')))
